[debug] [2022-12-22T13:32:21.339Z] ----------------------------------------------------------------------
[debug] [2022-12-22T13:32:21.341Z] Command:       C:\Program Files\nodejs\node.exe C:\Users\tanzi\AppData\Roaming\npm\node_modules\firebase-tools\lib\bin\firebase.js deploy
[debug] [2022-12-22T13:32:21.342Z] CLI Version:   11.14.4
[debug] [2022-12-22T13:32:21.342Z] Platform:      win32
[debug] [2022-12-22T13:32:21.342Z] Node Version:  v18.9.0
[debug] [2022-12-22T13:32:21.343Z] Time:          Thu Dec 22 2022 19:32:21 GMT+0600 (Bangladesh Standard Time)
[debug] [2022-12-22T13:32:21.343Z] ----------------------------------------------------------------------
[debug] 
[debug] [2022-12-22T13:32:21.414Z] > command requires scopes: ["email","openid","https://www.googleapis.com/auth/cloudplatformprojects.readonly","https://www.googleapis.com/auth/firebase","https://www.googleapis.com/auth/cloud-platform"]
[debug] [2022-12-22T13:32:21.414Z] > authorizing via signed-in user (tanzilmia321@gmail.com)
[debug] [2022-12-22T13:32:21.414Z] [iam] checking project quize-react-7df23 for permissions ["firebase.projects.get","firebasehosting.sites.update"]
[debug] [2022-12-22T13:32:21.431Z] >>> [apiv2][query] POST https://cloudresourcemanager.googleapis.com/v1/projects/quize-react-7df23:testIamPermissions [none]
[debug] [2022-12-22T13:32:21.432Z] >>> [apiv2][(partial)header] POST https://cloudresourcemanager.googleapis.com/v1/projects/quize-react-7df23:testIamPermissions x-goog-quota-user=projects/quize-react-7df23
[debug] [2022-12-22T13:32:21.432Z] >>> [apiv2][body] POST https://cloudresourcemanager.googleapis.com/v1/projects/quize-react-7df23:testIamPermissions {"permissions":["firebase.projects.get","firebasehosting.sites.update"]}
[debug] [2022-12-22T13:32:22.141Z] <<< [apiv2][status] POST https://cloudresourcemanager.googleapis.com/v1/projects/quize-react-7df23:testIamPermissions 401
[debug] [2022-12-22T13:32:22.142Z] <<< [apiv2][body] POST https://cloudresourcemanager.googleapis.com/v1/projects/quize-react-7df23:testIamPermissions {"error":{"code":401,"message":"Request had invalid authentication credentials. Expected OAuth 2 access token, login cookie or other valid authentication credential. See https://developers.google.com/identity/sign-in/web/devconsole-project.","status":"UNAUTHENTICATED","details":[{"@type":"type.googleapis.com/google.rpc.ErrorInfo","reason":"ACCESS_TOKEN_TYPE_UNSUPPORTED","metadata":{"service":"cloudresourcemanager.googleapis.com","method":"google.cloudresourcemanager.v1.Projects.TestIamPermissions"}}]}}
[debug] [2022-12-22T13:32:22.144Z] [iam] error while checking permissions, command may fail: FirebaseError: HTTP Error: 401, Request had invalid authentication credentials. Expected OAuth 2 access token, login cookie or other valid authentication credential. See https://developers.google.com/identity/sign-in/web/devconsole-project.
[debug] [2022-12-22T13:32:22.147Z] >>> [apiv2][query] GET https://firebase.googleapis.com/v1beta1/projects/quize-react-7df23 [none]
[debug] [2022-12-22T13:32:22.854Z] <<< [apiv2][status] GET https://firebase.googleapis.com/v1beta1/projects/quize-react-7df23 401
[debug] [2022-12-22T13:32:22.854Z] <<< [apiv2][body] GET https://firebase.googleapis.com/v1beta1/projects/quize-react-7df23 {"error":{"code":401,"message":"Request had invalid authentication credentials. Expected OAuth 2 access token, login cookie or other valid authentication credential. See https://developers.google.com/identity/sign-in/web/devconsole-project.","status":"UNAUTHENTICATED"}}
[debug] [2022-12-22T13:32:22.855Z] HTTP Error: 401, Request had invalid authentication credentials. Expected OAuth 2 access token, login cookie or other valid authentication credential. See https://developers.google.com/identity/sign-in/web/devconsole-project.
[debug] [2022-12-22T13:32:23.107Z] FirebaseError: HTTP Error: 401, Request had invalid authentication credentials. Expected OAuth 2 access token, login cookie or other valid authentication credential. See https://developers.google.com/identity/sign-in/web/devconsole-project.
    at responseToError (C:\Users\tanzi\AppData\Roaming\npm\node_modules\firebase-tools\lib\responseToError.js:49:12)
    at RetryOperation._fn (C:\Users\tanzi\AppData\Roaming\npm\node_modules\firebase-tools\lib\apiv2.js:288:77)
    at process.processTicksAndRejections (node:internal/process/task_queues:95:5)
[error] 
[error] Error: Failed to get Firebase project quize-react-7df23. Please make sure the project exists and your account has permission to access it.
[debug] [2022-12-22T13:33:37.903Z] ----------------------------------------------------------------------
[debug] [2022-12-22T13:33:37.905Z] Command:       C:\Program Files\nodejs\node.exe C:\Users\tanzi\AppData\Roaming\npm\node_modules\firebase-tools\lib\bin\firebase.js deploy
[debug] [2022-12-22T13:33:37.905Z] CLI Version:   11.14.4
[debug] [2022-12-22T13:33:37.905Z] Platform:      win32
[debug] [2022-12-22T13:33:37.905Z] Node Version:  v18.9.0
[debug] [2022-12-22T13:33:37.906Z] Time:          Thu Dec 22 2022 19:33:37 GMT+0600 (Bangladesh Standard Time)
[debug] [2022-12-22T13:33:37.906Z] ----------------------------------------------------------------------
[debug] 
[debug] [2022-12-22T13:33:37.974Z] > command requires scopes: ["email","openid","https://www.googleapis.com/auth/cloudplatformprojects.readonly","https://www.googleapis.com/auth/firebase","https://www.googleapis.com/auth/cloud-platform"]
[debug] [2022-12-22T13:33:37.974Z] > authorizing via signed-in user (tanzilmia321@gmail.com)
[debug] [2022-12-22T13:33:37.974Z] [iam] checking project quize-react-7df23 for permissions ["firebase.projects.get","firebasehosting.sites.update"]
[debug] [2022-12-22T13:33:37.977Z] >>> [apiv2][query] POST https://cloudresourcemanager.googleapis.com/v1/projects/quize-react-7df23:testIamPermissions [none]
[debug] [2022-12-22T13:33:37.977Z] >>> [apiv2][(partial)header] POST https://cloudresourcemanager.googleapis.com/v1/projects/quize-react-7df23:testIamPermissions x-goog-quota-user=projects/quize-react-7df23
[debug] [2022-12-22T13:33:37.977Z] >>> [apiv2][body] POST https://cloudresourcemanager.googleapis.com/v1/projects/quize-react-7df23:testIamPermissions {"permissions":["firebase.projects.get","firebasehosting.sites.update"]}
[debug] [2022-12-22T13:33:39.419Z] <<< [apiv2][status] POST https://cloudresourcemanager.googleapis.com/v1/projects/quize-react-7df23:testIamPermissions 401
[debug] [2022-12-22T13:33:39.421Z] <<< [apiv2][body] POST https://cloudresourcemanager.googleapis.com/v1/projects/quize-react-7df23:testIamPermissions {"error":{"code":401,"message":"Request had invalid authentication credentials. Expected OAuth 2 access token, login cookie or other valid authentication credential. See https://developers.google.com/identity/sign-in/web/devconsole-project.","status":"UNAUTHENTICATED","details":[{"@type":"type.googleapis.com/google.rpc.ErrorInfo","reason":"ACCESS_TOKEN_TYPE_UNSUPPORTED","metadata":{"service":"cloudresourcemanager.googleapis.com","method":"google.cloudresourcemanager.v1.Projects.TestIamPermissions"}}]}}
[debug] [2022-12-22T13:33:39.423Z] [iam] error while checking permissions, command may fail: FirebaseError: HTTP Error: 401, Request had invalid authentication credentials. Expected OAuth 2 access token, login cookie or other valid authentication credential. See https://developers.google.com/identity/sign-in/web/devconsole-project.
[debug] [2022-12-22T13:33:39.425Z] >>> [apiv2][query] GET https://firebase.googleapis.com/v1beta1/projects/quize-react-7df23 [none]
[debug] [2022-12-22T13:33:39.793Z] <<< [apiv2][status] GET https://firebase.googleapis.com/v1beta1/projects/quize-react-7df23 401
[debug] [2022-12-22T13:33:39.793Z] <<< [apiv2][body] GET https://firebase.googleapis.com/v1beta1/projects/quize-react-7df23 {"error":{"code":401,"message":"Request had invalid authentication credentials. Expected OAuth 2 access token, login cookie or other valid authentication credential. See https://developers.google.com/identity/sign-in/web/devconsole-project.","status":"UNAUTHENTICATED"}}
[debug] [2022-12-22T13:33:39.794Z] HTTP Error: 401, Request had invalid authentication credentials. Expected OAuth 2 access token, login cookie or other valid authentication credential. See https://developers.google.com/identity/sign-in/web/devconsole-project.
[debug] [2022-12-22T13:33:40.002Z] FirebaseError: HTTP Error: 401, Request had invalid authentication credentials. Expected OAuth 2 access token, login cookie or other valid authentication credential. See https://developers.google.com/identity/sign-in/web/devconsole-project.
    at responseToError (C:\Users\tanzi\AppData\Roaming\npm\node_modules\firebase-tools\lib\responseToError.js:49:12)
    at RetryOperation._fn (C:\Users\tanzi\AppData\Roaming\npm\node_modules\firebase-tools\lib\apiv2.js:288:77)
    at process.processTicksAndRejections (node:internal/process/task_queues:95:5)
[error] 
[error] Error: Failed to get Firebase project quize-react-7df23. Please make sure the project exists and your account has permission to access it.
[debug] [2022-12-22T13:34:01.493Z] ----------------------------------------------------------------------
[debug] [2022-12-22T13:34:01.495Z] Command:       C:\Program Files\nodejs\node.exe C:\Users\tanzi\AppData\Roaming\npm\node_modules\firebase-tools\lib\bin\firebase.js deploy
[debug] [2022-12-22T13:34:01.495Z] CLI Version:   11.14.4
[debug] [2022-12-22T13:34:01.495Z] Platform:      win32
[debug] [2022-12-22T13:34:01.495Z] Node Version:  v18.9.0
[debug] [2022-12-22T13:34:01.496Z] Time:          Thu Dec 22 2022 19:34:01 GMT+0600 (Bangladesh Standard Time)
[debug] [2022-12-22T13:34:01.496Z] ----------------------------------------------------------------------
[debug] 
[debug] [2022-12-22T13:34:01.564Z] > command requires scopes: ["email","openid","https://www.googleapis.com/auth/cloudplatformprojects.readonly","https://www.googleapis.com/auth/firebase","https://www.googleapis.com/auth/cloud-platform"]
[debug] [2022-12-22T13:34:01.564Z] > authorizing via signed-in user (tanzilmia321@gmail.com)
[debug] [2022-12-22T13:34:01.564Z] [iam] checking project quize-react-7df23 for permissions ["firebase.projects.get","firebasehosting.sites.update"]
[debug] [2022-12-22T13:34:01.567Z] >>> [apiv2][query] POST https://cloudresourcemanager.googleapis.com/v1/projects/quize-react-7df23:testIamPermissions [none]
[debug] [2022-12-22T13:34:01.567Z] >>> [apiv2][(partial)header] POST https://cloudresourcemanager.googleapis.com/v1/projects/quize-react-7df23:testIamPermissions x-goog-quota-user=projects/quize-react-7df23
[debug] [2022-12-22T13:34:01.567Z] >>> [apiv2][body] POST https://cloudresourcemanager.googleapis.com/v1/projects/quize-react-7df23:testIamPermissions {"permissions":["firebase.projects.get","firebasehosting.sites.update"]}
[debug] [2022-12-22T13:34:03.035Z] <<< [apiv2][status] POST https://cloudresourcemanager.googleapis.com/v1/projects/quize-react-7df23:testIamPermissions 401
[debug] [2022-12-22T13:34:03.035Z] <<< [apiv2][body] POST https://cloudresourcemanager.googleapis.com/v1/projects/quize-react-7df23:testIamPermissions {"error":{"code":401,"message":"Request had invalid authentication credentials. Expected OAuth 2 access token, login cookie or other valid authentication credential. See https://developers.google.com/identity/sign-in/web/devconsole-project.","status":"UNAUTHENTICATED","details":[{"@type":"type.googleapis.com/google.rpc.ErrorInfo","reason":"ACCESS_TOKEN_TYPE_UNSUPPORTED","metadata":{"method":"google.cloudresourcemanager.v1.Projects.TestIamPermissions","service":"cloudresourcemanager.googleapis.com"}}]}}
[debug] [2022-12-22T13:34:03.038Z] [iam] error while checking permissions, command may fail: FirebaseError: HTTP Error: 401, Request had invalid authentication credentials. Expected OAuth 2 access token, login cookie or other valid authentication credential. See https://developers.google.com/identity/sign-in/web/devconsole-project.
[debug] [2022-12-22T13:34:03.040Z] >>> [apiv2][query] GET https://firebase.googleapis.com/v1beta1/projects/quize-react-7df23 [none]
[debug] [2022-12-22T13:34:03.382Z] <<< [apiv2][status] GET https://firebase.googleapis.com/v1beta1/projects/quize-react-7df23 401
[debug] [2022-12-22T13:34:03.383Z] <<< [apiv2][body] GET https://firebase.googleapis.com/v1beta1/projects/quize-react-7df23 {"error":{"code":401,"message":"Request had invalid authentication credentials. Expected OAuth 2 access token, login cookie or other valid authentication credential. See https://developers.google.com/identity/sign-in/web/devconsole-project.","status":"UNAUTHENTICATED"}}
[debug] [2022-12-22T13:34:03.384Z] HTTP Error: 401, Request had invalid authentication credentials. Expected OAuth 2 access token, login cookie or other valid authentication credential. See https://developers.google.com/identity/sign-in/web/devconsole-project.
[debug] [2022-12-22T13:34:04.906Z] FirebaseError: HTTP Error: 401, Request had invalid authentication credentials. Expected OAuth 2 access token, login cookie or other valid authentication credential. See https://developers.google.com/identity/sign-in/web/devconsole-project.
    at responseToError (C:\Users\tanzi\AppData\Roaming\npm\node_modules\firebase-tools\lib\responseToError.js:49:12)
    at RetryOperation._fn (C:\Users\tanzi\AppData\Roaming\npm\node_modules\firebase-tools\lib\apiv2.js:288:77)
    at process.processTicksAndRejections (node:internal/process/task_queues:95:5)
[error] 
[error] Error: Failed to get Firebase project quize-react-7df23. Please make sure the project exists and your account has permission to access it.
